\BOOKMARK [0][-]{chapter.1}{前言}{}% 1
\BOOKMARK [1][-]{section.1.1}{研究背景介紹}{chapter.1}% 2
\BOOKMARK [1][-]{section.1.2}{研究動機}{chapter.1}% 3
\BOOKMARK [1][-]{section.1.3}{研究目的}{chapter.1}% 4
\BOOKMARK [1][-]{section.1.4}{論文架構}{chapter.1}% 5
\BOOKMARK [0][-]{chapter.2}{文獻探討}{}% 6
\BOOKMARK [1][-]{section.2.1}{平面影像定位類型分析}{chapter.2}% 7
\BOOKMARK [1][-]{section.2.2}{3D環境重建技術}{chapter.2}% 8
\BOOKMARK [2][-]{subsection.2.2.1}{RGB-D Mapping 3D環境建置}{section.2.2}% 9
\BOOKMARK [2][-]{subsection.2.2.2}{Visual SLAM的問題描述與在建置3D環境的應用}{section.2.2}% 10
\BOOKMARK [1][-]{section.2.3}{3D投影平面深度內插研究}{chapter.2}% 11
\BOOKMARK [0][-]{chapter.3}{虛擬影像定位方法}{}% 12
\BOOKMARK [1][-]{section.3.1}{虛擬影像定位流程}{chapter.3}% 13
\BOOKMARK [1][-]{section.3.2}{深度資料採集與建立虛擬環境}{chapter.3}% 14
\BOOKMARK [2][-]{subsection.3.2.1}{RGB-D 資料採集}{section.3.2}% 15
\BOOKMARK [2][-]{subsection.3.2.2}{座標系角度調整及制定邊界範圍}{section.3.2}% 16
\BOOKMARK [1][-]{section.3.3}{虛擬相機設置及影像資料庫建置}{chapter.3}% 17
\BOOKMARK [2][-]{subsection.3.3.1}{虛擬相機位置分布機制}{section.3.3}% 18
\BOOKMARK [2][-]{subsection.3.3.2}{虛擬相片成像原理}{section.3.3}% 19
\BOOKMARK [2][-]{subsection.3.3.3}{攝影機角度過濾機制}{section.3.3}% 20
\BOOKMARK [2][-]{subsection.3.3.4}{儲存虛擬相機影像建立資料庫}{section.3.3}% 21
\BOOKMARK [1][-]{section.3.4}{虛擬影像特徵點三角定位}{chapter.3}% 22
\BOOKMARK [2][-]{subsection.3.4.1}{導入虛擬相機坐標位置作參考}{section.3.4}% 23
\BOOKMARK [2][-]{subsection.3.4.2}{尋找特徵點並找出最多的特徵點投票選出位置}{section.3.4}% 24
\BOOKMARK [2][-]{subsection.3.4.3}{利用虛擬相機位置來定位}{section.3.4}% 25
\BOOKMARK [0][-]{chapter.4}{定位實驗成果比較分析}{}% 26
\BOOKMARK [1][-]{section.4.1}{控制環境下定位結果分析}{chapter.4}% 27
\BOOKMARK [2][-]{subsection.4.1.1}{特徵點數量趨勢}{section.4.1}% 28
\BOOKMARK [2][-]{subsection.4.1.2}{間距定位誤差趨勢}{section.4.1}% 29
\BOOKMARK [2][-]{subsection.4.1.3}{定位精準度覆蓋率以及平均定位誤差分布情況}{section.4.1}% 30
\BOOKMARK [1][-]{section.4.2}{一般室內環境定位實驗}{chapter.4}% 31
\BOOKMARK [2][-]{subsection.4.2.1}{定位覆蓋率與定位平均誤差分析比較}{section.4.2}% 32
\BOOKMARK [0][-]{chapter.5}{結論與未來展望}{}% 33
\BOOKMARK [0][-]{section*.4}{Bibliography}{}% 34
