This is XeTeX, Version 3.1415926-2.4-0.9998 (MiKTeX 2.9 64-bit) (preloaded format=xelatex 2012.9.24)  13 DEC 2012 14:29
entering extended mode
**experiment.tex
(C:\Users\User\Dropbox\ntust_thesis\sections\experiment.tex
LaTeX2e <2011/06/27>
Babel <v3.8m> and hyphenation patterns for english, afrikaans, ancientgreek, ar
abic, armenian, assamese, basque, bengali, bokmal, bulgarian, catalan, coptic, 
croatian, czech, danish, dutch, esperanto, estonian, farsi, finnish, french, ga
lician, german, german-x-2012-05-30, greek, gujarati, hindi, hungarian, iceland
ic, indonesian, interlingua, irish, italian, kannada, kurmanji, latin, latvian,
 lithuanian, malayalam, marathi, mongolian, mongolianlmc, monogreek, ngerman, n
german-x-2012-05-30, nynorsk, oriya, panjabi, pinyin, polish, portuguese, roman
ian, russian, sanskrit, serbian, slovak, slovenian, spanish, swedish, swissgerm
an, tamil, telugu, turkish, turkmen, ukenglish, ukrainian, uppersorbian, usengl
ishmax, welsh, loaded.
! Undefined control sequence.
l.5 \section
            {å¯¦é©—ç›®çš„}
The control sequence at the end of the top line
of your error message was never \def'ed. If you have
misspelled it (e.g., `\hobx'), type `I' and the correct
spelling (e.g., `I\hbox'). Otherwise just continue,
and I'll forget about whatever was undefined.


! LaTeX Error: Missing \begin{document}.

See the LaTeX manual or LaTeX Companion for explanation.
Type  H <return>  for immediate help.
 ...                                              
                                                  
l.5 \section{å¯¦
                é©—ç›®çš„}
You're in trouble here.  Try typing  <return>  to proceed.
If that doesn't work, type  X <return>  to quit.

Missing character: There is no å¯¦ in font nullfont!
Missing character: There is no é©— in font nullfont!
Missing character: There is no ç›® in font nullfont!
Missing character: There is no çš„ in font nullfont!

Overfull \hbox (20.0pt too wide) in paragraph at lines 5--6
[] 
 []


! LaTeX Error: Missing \begin{document}.

See the LaTeX manual or LaTeX Companion for explanation.
Type  H <return>  for immediate help.
 ...                                              
                                                  
l.7 ^^Iç‚º
          äº†æ”¹å–„å®¤å…§å®šä½çš„è¦†è“‹ç‡ä»¥åŠå®šä½çš„ç²¾æº–åº¦ï¼Œæˆ‘å€‘...

You're in trouble here.  Try typing  <return>  to proceed.
If that doesn't work, type  X <return>  to quit.

Missing character: There is no ç‚º in font nullfont!
Missing character: There is no äº† in font nullfont!
Missing character: There is no æ”¹ in font nullfont!
Missing character: There is no å–„ in font nullfont!
Missing character: There is no å®¤ in font nullfont!
Missing character: There is no å…§ in font nullfont!
Missing character: There is no å®š in font nullfont!
Missing character: There is no ä½ in font nullfont!
Missing character: There is no çš„ in font nullfont!
Missing character: There is no è¦† in font nullfont!
Missing character: There is no è“‹ in font nullfont!
Missing character: There is no ç‡ in font nullfont!
Missing character: There is no ä»¥ in font nullfont!
Missing character: There is no åŠ in font nullfont!
Missing character: There is no å®š in font nullfont!
Missing character: There is no ä½ in font nullfont!
Missing character: There is no çš„ in font nullfont!
Missing character: There is no ç²¾ in font nullfont!
Missing character: There is no æº– in font nullfont!
Missing character: There is no åº¦ in font nullfont!
Missing character: There is no ï¼Œ in font nullfont!
Missing character: There is no æˆ‘ in font nullfont!
Missing character: There is no å€‘ in font nullfont!
Missing character: There is no åˆ© in font nullfont!
Missing character: There is no ç”¨ in font nullfont!
Missing character: There is no å»º in font nullfont!
Missing character: There is no ç½® in font nullfont!
Missing character: There is no è™› in font nullfont!
Missing character: There is no æ“¬ in font nullfont!
Missing character: There is no ç›¸ in font nullfont!
Missing character: There is no ç‰‡ in font nullfont!
Missing character: There is no çš„ in font nullfont!
Missing character: There is no æ–¹ in font nullfont!
Missing character: There is no æ³• in font nullfont!
Missing character: There is no ä¾† in font nullfont!
Missing character: There is no å¢ in font nullfont!
Missing character: There is no åŠ  in font nullfont!
Missing character: There is no ç…§ in font nullfont!
Missing character: There is no ç‰‡ in font nullfont!
Missing character: There is no çš„ in font nullfont!
Missing character: There is no ç¯„ in font nullfont!
Missing character: There is no åœ in font nullfont!
Missing character: There is no åŠ in font nullfont!
Missing character: There is no å»£ in font nullfont!
Missing character: There is no åº¦ in font nullfont!
Missing character: There is no ã€‚ in font nullfont!
Missing character: There is no æœ‰ in font nullfont!
Missing character: There is no äº† in font nullfont!
Missing character: There is no æ›´ in font nullfont!
Missing character: There is no å¤š in font nullfont!
Missing character: There is no çš„ in font nullfont!
Missing character: There is no å– in font nullfont!
Missing character: There is no æ¨£ in font nullfont!
Missing character: There is no ç¯„ in font nullfont!
Missing character: There is no åœ in font nullfont!
Missing character: There is no ï¼Œ in font nullfont!
Missing character: There is no è—‰ in font nullfont!
Missing character: There is no ç”± in font nullfont!
Missing character: There is no å¯¦ in font nullfont!
Missing character: There is no é©— in font nullfont!
Missing character: There is no ä¾† in font nullfont!
Missing character: There is no è·Ÿ in font nullfont!
Missing character: There is no ä»¥ in font nullfont!
Missing character: There is no å‰ in font nullfont!
Missing character: There is no å‚³ in font nullfont!
Missing character: There is no çµ± in font nullfont!
Missing character: There is no çš„ in font nullfont!
Missing character: There is no S in font nullfont!
Missing character: There is no I in font nullfont!
Missing character: There is no F in font nullfont!
Missing character: There is no T in font nullfont!
Missing character: There is no æ–¹ in font nullfont!
Missing character: There is no æ³• in font nullfont!
Missing character: There is no åš in font nullfont!
Missing character: There is no æ¯” in font nullfont!
Missing character: There is no è¼ƒ in font nullfont!
Missing character: There is no ã€‚ in font nullfont!
Missing character: There is no æˆ‘ in font nullfont!
Missing character: There is no å€‘ in font nullfont!
Missing character: There is no åˆ† in font nullfont!
Missing character: There is no æˆ in font nullfont!
Missing character: There is no å…© in font nullfont!
Missing character: There is no å€‹ in font nullfont!
Missing character: There is no å¯¦ in font nullfont!
Missing character: There is no é©— in font nullfont!
Missing character: There is no ç’° in font nullfont!
Missing character: There is no å¢ƒ in font nullfont!
Missing character: There is no ä¾† in font nullfont!
Missing character: There is no èªª in font nullfont!
Missing character: There is no æ˜ in font nullfont!
Missing character: There is no æ–¹ in font nullfont!
Missing character: There is no æ³• in font nullfont!
Missing character: There is no æ‰€ in font nullfont!
Missing character: There is no æ”¹ in font nullfont!
Missing character: There is no å–„ in font nullfont!
Missing character: There is no çš„ in font nullfont!
Missing character: There is no å®š in font nullfont!
Missing character: There is no ä½ in font nullfont!
Missing character: There is no æ•¸ in font nullfont!
Missing character: There is no æ“š in font nullfont!
Missing character: There is no ï¼š in font nullfont!
Missing character: There is no ( in font nullfont!
Missing character: There is no 1 in font nullfont!
Missing character: There is no ) in font nullfont!
Missing character: There is no å¯ in font nullfont!
Missing character: There is no ä»¥ in font nullfont!
Missing character: There is no æ§ in font nullfont!
Missing character: There is no åˆ¶ in font nullfont!
Missing character: There is no çš„ in font nullfont!
Missing character: There is no å¯¦ in font nullfont!
Missing character: There is no é©— in font nullfont!
Missing character: There is no ç’° in font nullfont!
Missing character: There is no å¢ƒ in font nullfont!
Missing character: There is no ã€ in font nullfont!
Missing character: There is no ( in font nullfont!
Missing character: There is no 2 in font nullfont!
Missing character: There is no ) in font nullfont!
Missing character: There is no ä¸€ in font nullfont!
Missing character: There is no èˆ¬ in font nullfont!
Missing character: There is no å®¤ in font nullfont!
Missing character: There is no å…§ in font nullfont!
Missing character: There is no å®š in font nullfont!
Missing character: There is no ä½ in font nullfont!
Missing character: There is no çš„ in font nullfont!
Missing character: There is no ç’° in font nullfont!
Missing character: There is no å¢ƒ in font nullfont!
Missing character: There is no ã€‚ in font nullfont!

Overfull \hbox (20.0pt too wide) in paragraph at lines 7--10
[]
 []


! LaTeX Error: Missing \begin{document}.

See the LaTeX manual or LaTeX Companion for explanation.
Type  H <return>  for immediate help.
 ...                                              
                                                  
l.11 ^^Ié¦–
           å…ˆè£½é€ ä¸€å€‹å¯ä»¥æ§åˆ¶ç‰¹å¾µé»æ•¸é‡çš„ç’°å¢ƒï¼Œåœ¨é€™å€‹ç’...

You're in trouble here.  Try typing  <return>  to proceed.
If that doesn't work, type  X <return>  to quit.

Missing character: There is no é¦– in font nullfont!
Missing character: There is no å…ˆ in font nullfont!
Missing character: There is no è£½ in font nullfont!
Missing character: There is no é€  in font nullfont!
Missing character: There is no ä¸€ in font nullfont!
Missing character: There is no å€‹ in font nullfont!
Missing character: There is no å¯ in font nullfont!
Missing character: There is no ä»¥ in font nullfont!
Missing character: There is no æ§ in font nullfont!
Missing character: There is no åˆ¶ in font nullfont!
Missing character: There is no ç‰¹ in font nullfont!
Missing character: There is no å¾µ in font nullfont!
Missing character: There is no é» in font nullfont!
Missing character: There is no æ•¸ in font nullfont!
Missing character: There is no é‡ in font nullfont!
Missing character: There is no çš„ in font nullfont!
Missing character: There is no ç’° in font nullfont!
Missing character: There is no å¢ƒ in font nullfont!
Missing character: There is no ï¼Œ in font nullfont!
Missing character: There is no åœ¨ in font nullfont!
Missing character: There is no é€™ in font nullfont!
Missing character: There is no å€‹ in font nullfont!
Missing character: There is no ç’° in font nullfont!
Missing character: There is no å¢ƒ in font nullfont!
Missing character: There is no ä¸­ in font nullfont!
Missing character: There is no æˆ‘ in font nullfont!
Missing character: There is no å€‘ in font nullfont!
Missing character: There is no é©— in font nullfont!
Missing character: There is no è­‰ in font nullfont!
Missing character: There is no æ¯ in font nullfont!
Missing character: There is no å€‹ in font nullfont!
Missing character: There is no å›º in font nullfont!
Missing character: There is no å®š in font nullfont!
Missing character: There is no è· in font nullfont!
Missing character: There is no é›¢ in font nullfont!
Missing character: There is no å…§ in font nullfont!
Missing character: There is no æ ¹ in font nullfont!
Missing character: There is no æ“š in font nullfont!
Missing character: There is no S in font nullfont!
Missing character: There is no I in font nullfont!
Missing character: There is no F in font nullfont!
Missing character: There is no T in font nullfont!
Missing character: There is no æ‰€ in font nullfont!
Missing character: There is no æ¶µ in font nullfont!
Missing character: There is no è“‹ in font nullfont!
Missing character: There is no çš„ in font nullfont!
Missing character: There is no ç‰¹ in font nullfont!
Missing character: There is no å¾µ in font nullfont!
Missing character: There is no é» in font nullfont!
Missing character: There is no æ•¸ in font nullfont!
Missing character: There is no é‡ in font nullfont!
Missing character: There is no ä½œ in font nullfont!
Missing character: There is no æ¯” in font nullfont!
Missing character: There is no è¼ƒ in font nullfont!
Missing character: There is no ï¼Œ in font nullfont!
Missing character: There is no å¢ in font nullfont!
Missing character: There is no åŠ  in font nullfont!
Missing character: There is no èˆ‡ in font nullfont!
Missing character: There is no ç‰© in font nullfont!
Missing character: There is no é«” in font nullfont!
Missing character: There is no çš„ in font nullfont!
Missing character: There is no å›º in font nullfont!
Missing character: There is no å®š in font nullfont!
Missing character: There is no è· in font nullfont!
Missing character: There is no é›¢ in font nullfont!
Missing character: There is no ç®— in font nullfont!
Missing character: There is no å‡º in font nullfont!
Missing character: There is no æ¯ in font nullfont!
Missing character: There is no å€‹ in font nullfont!
Missing character: There is no è· in font nullfont!
Missing character: There is no é›¢ in font nullfont!
Missing character: There is no ä¸­ in font nullfont!
Missing character: There is no çš„ in font nullfont!
Missing character: There is no å¹³ in font nullfont!
Missing character: There is no å‡ in font nullfont!
Missing character: There is no å®š in font nullfont!
Missing character: There is no ä½ in font nullfont!
Missing character: There is no èª¤ in font nullfont!
Missing character: There is no å·® in font nullfont!
Missing character: There is no ï¼Œ in font nullfont!
Missing character: There is no å† in font nullfont!
Missing character: There is no ç®— in font nullfont!
Missing character: There is no å‡º in font nullfont!
Missing character: There is no å®š in font nullfont!
Missing character: There is no ä½ in font nullfont!
Missing character: There is no èª¤ in font nullfont!
Missing character: There is no å·® in font nullfont!
Missing character: There is no ç¯„ in font nullfont!
Missing character: There is no åœ in font nullfont!
Missing character: There is no çš„ in font nullfont!
Missing character: There is no è¦† in font nullfont!
Missing character: There is no è“‹ in font nullfont!
Missing character: There is no ç‡ in font nullfont!
Missing character: There is no èˆ‡ in font nullfont!
Missing character: There is no å‚³ in font nullfont!
Missing character: There is no çµ± in font nullfont!
Missing character: There is no çš„ in font nullfont!
Missing character: There is no ç…§ in font nullfont!
Missing character: There is no ç‰‡ in font nullfont!
Missing character: There is no å½± in font nullfont!
Missing character: There is no åƒ in font nullfont!
Missing character: There is no å®š in font nullfont!
Missing character: There is no ä½ in font nullfont!
Missing character: There is no ä½œ in font nullfont!
Missing character: There is no æ¯” in font nullfont!
Missing character: There is no è¼ƒ in font nullfont!
Missing character: There is no ã€‚ in font nullfont!
Missing character: There is no åœ¨ in font nullfont!
Missing character: There is no å¯ in font nullfont!
Missing character: There is no ä»¥ in font nullfont!
Missing character: There is no æ§ in font nullfont!
Missing character: There is no åˆ¶ in font nullfont!
Missing character: There is no çš„ in font nullfont!
Missing character: There is no å®š in font nullfont!
Missing character: There is no ä½ in font nullfont!
Missing character: There is no ç’° in font nullfont!
Missing character: There is no å¢ƒ in font nullfont!
Missing character: There is no ä¸‹ in font nullfont!
Missing character: There is no æˆ‘ in font nullfont!
Missing character: There is no å€‘ in font nullfont!
Missing character: There is no æ ¹ in font nullfont!
Missing character: There is no æ“š in font nullfont!
Missing character: There is no é€™ in font nullfont!
Missing character: There is no äº› in font nullfont!
Missing character: There is no å¯¦ in font nullfont!
Missing character: There is no é©— in font nullfont!
Missing character: There is no æ–¹ in font nullfont!
Missing character: There is no æ³• in font nullfont!
Missing character: There is no èªª in font nullfont!
Missing character: There is no æ˜ in font nullfont!
Missing character: There is no æ”¹ in font nullfont!
Missing character: There is no å–„ in font nullfont!
Missing character: There is no çš„ in font nullfont!
Missing character: There is no æˆ in font nullfont!
Missing character: There is no æœ in font nullfont!
Missing character: There is no ï¼Œ in font nullfont!
Missing character: There is no å† in font nullfont!
Missing character: There is no æŠŠ in font nullfont!
Missing character: There is no æ–¹ in font nullfont!
Missing character: There is no æ³• in font nullfont!
Missing character: There is no æ”¾ in font nullfont!
Missing character: There is no å»º in font nullfont!
Missing character: There is no ç¯‰ in font nullfont!
Missing character: There is no ä¸€ in font nullfont!
Missing character: There is no èˆ¬ in font nullfont!
Missing character: There is no å¯¦ in font nullfont!
Missing character: There is no éš› in font nullfont!
Missing character: There is no çš„ in font nullfont!
Missing character: There is no å®¤ in font nullfont!
Missing character: There is no å…§ in font nullfont!
Missing character: There is no ç’° in font nullfont!
Missing character: There is no å¢ƒ in font nullfont!
Missing character: There is no ä¸­ in font nullfont!
Missing character: There is no ä½œ in font nullfont!
Missing character: There is no æ¯” in font nullfont!
Missing character: There is no è¼ƒ in font nullfont!
Missing character: There is no ï¼Œ in font nullfont!
Missing character: There is no æœ€ in font nullfont!
Missing character: There is no å¾Œ in font nullfont!
Missing character: There is no å‘ˆ in font nullfont!
Missing character: There is no ç¾ in font nullfont!
Missing character: There is no å‡º in font nullfont!
Missing character: There is no æ”¹ in font nullfont!
Missing character: There is no å–„ in font nullfont!
Missing character: There is no çš„ in font nullfont!
Missing character: There is no å¹³ in font nullfont!
Missing character: There is no å‡ in font nullfont!
Missing character: There is no å®š in font nullfont!
Missing character: There is no ä½ in font nullfont!
Missing character: There is no èª¤ in font nullfont!
Missing character: There is no å·® in font nullfont!
Missing character: There is no èˆ‡ in font nullfont!
Missing character: There is no å¢ in font nullfont!
Missing character: There is no åŠ  in font nullfont!
Missing character: There is no ç’° in font nullfont!
Missing character: There is no å¢ƒ in font nullfont!
Missing character: There is no æ‰€ in font nullfont!
Missing character: There is no èƒ½ in font nullfont!
Missing character: There is no å®š in font nullfont!
Missing character: There is no ä½ in font nullfont!
Missing character: There is no çš„ in font nullfont!
Missing character: There is no è¦† in font nullfont!
Missing character: There is no è“‹ in font nullfont!
Missing character: There is no ç‡ in font nullfont!
Missing character: There is no ã€‚ in font nullfont!
Missing character: There is no ç‚º in font nullfont!
Missing character: There is no äº† in font nullfont!
Missing character: There is no å®Œ in font nullfont!
Missing character: There is no æˆ in font nullfont!
Missing character: There is no é€™ in font nullfont!
Missing character: There is no äº› in font nullfont!
Missing character: There is no å¯¦ in font nullfont!
Missing character: There is no é©— in font nullfont!
Missing character: There is no ï¼Œ in font nullfont!
Missing character: There is no æ‰€ in font nullfont!
Missing character: There is no ç”¨ in font nullfont!
Missing character: There is no åˆ° in font nullfont!
Missing character: There is no çš„ in font nullfont!
Missing character: There is no è¨­ in font nullfont!
Missing character: There is no å‚™ in font nullfont!
Missing character: There is no ç‚º in font nullfont!
Missing character: There is no I in font nullfont!
Missing character: There is no n in font nullfont!
Missing character: There is no t in font nullfont!
Missing character: There is no e in font nullfont!
Missing character: There is no l in font nullfont!
Missing character: There is no C in font nullfont!
Missing character: There is no o in font nullfont!
Missing character: There is no r in font nullfont!
Missing character: There is no e in font nullfont!
Missing character: There is no I in font nullfont!
Missing character: There is no 5 in font nullfont!
Missing character: There is no 2 in font nullfont!
Missing character: There is no . in font nullfont!
Missing character: There is no 0 in font nullfont!
Missing character: There is no G in font nullfont!
Missing character: There is no H in font nullfont!
Missing character: There is no z in font nullfont!
Missing character: There is no çš„ in font nullfont!
Missing character: There is no C in font nullfont!
Missing character: There is no P in font nullfont!
Missing character: There is no U in font nullfont!
Missing character: There is no èˆ‡ in font nullfont!
Missing character: There is no 8 in font nullfont!
Missing character: There is no G in font nullfont!
Missing character: There is no B in font nullfont!
Missing character: There is no çš„ in font nullfont!
Missing character: There is no R in font nullfont!
Missing character: There is no A in font nullfont!
Missing character: There is no M in font nullfont!
Missing character: There is no ï¼Œ in font nullfont!
Missing character: There is no é¡¯ in font nullfont!
Missing character: There is no å¡ in font nullfont!
Missing character: There is no ç‚º in font nullfont!
Missing character: There is no äº† in font nullfont!
Missing character: There is no èƒ½ in font nullfont!
Missing character: There is no å¤  in font nullfont!
Missing character: There is no ä½¿ in font nullfont!
Missing character: There is no ç”¨ in font nullfont!
Missing character: There is no C in font nullfont!
Missing character: There is no U in font nullfont!
Missing character: There is no D in font nullfont!
Missing character: There is no A in font nullfont!
Missing character: There is no å¹³ in font nullfont!
Missing character: There is no è¡Œ in font nullfont!
Missing character: There is no é‹ in font nullfont!
Missing character: There is no ç®— in font nullfont!
Missing character: There is no åŠ  in font nullfont!
Missing character: There is no é€Ÿ in font nullfont!
Missing character: There is no ï¼Œ in font nullfont!
Missing character: There is no æ‰€ in font nullfont!
Missing character: There is no æ¡ in font nullfont!
Missing character: There is no ç”¨ in font nullfont!
Missing character: There is no çš„ in font nullfont!
Missing character: There is no æ˜¯ in font nullfont!
Missing character: There is no N in font nullfont!
Missing character: There is no v in font nullfont!
Missing character: There is no i in font nullfont!
Missing character: There is no d in font nullfont!
Missing character: There is no i in font nullfont!
Missing character: There is no a in font nullfont!
Missing character: There is no çš„ in font nullfont!
Missing character: There is no é¡¯ in font nullfont!
Missing character: There is no ç¤º in font nullfont!
Missing character: There is no æ™¶ in font nullfont!
Missing character: There is no ç‰‡ in font nullfont!
Missing character: There is no ã€‚ in font nullfont!

Overfull \hbox (20.0pt too wide) in paragraph at lines 11--16
[]
 []

! Undefined control sequence.
l.18 \section
             {ç‰¹å¾µé»å›ºå®šç’°å¢ƒä¹‹ä¸‹å®šä½çµæœåˆ†æ}
The control sequence at the end of the top line
of your error message was never \def'ed. If you have
misspelled it (e.g., `\hobx'), type `I' and the correct
spelling (e.g., `I\hbox'). Otherwise just continue,
and I'll forget about whatever was undefined.


! LaTeX Error: Missing \begin{document}.

See the LaTeX manual or LaTeX Companion for explanation.
Type  H <return>  for immediate help.
 ...                                              
                                                  
l.18 \section{ç‰¹
                 å¾µé»å›ºå®šç’°å¢ƒä¹‹ä¸‹å®šä½çµæœåˆ†æ}
You're in trouble here.  Try typing  <return>  to proceed.
If that doesn't work, type  X <return>  to quit.

Missing character: There is no ç‰¹ in font nullfont!
Missing character: There is no å¾µ in font nullfont!
Missing character: There is no é» in font nullfont!
Missing character: There is no å›º in font nullfont!
Missing character: There is no å®š in font nullfont!
Missing character: There is no ç’° in font nullfont!
Missing character: There is no å¢ƒ in font nullfont!
Missing character: There is no ä¹‹ in font nullfont!
Missing character: There is no ä¸‹ in font nullfont!
Missing character: There is no å®š in font nullfont!
Missing character: There is no ä½ in font nullfont!
Missing character: There is no çµ in font nullfont!
Missing character: There is no æœ in font nullfont!
Missing character: There is no åˆ† in font nullfont!
Missing character: There is no æ in font nullfont!

Overfull \hbox (20.0pt too wide) in paragraph at lines 18--19
[] 
 []

! Undefined control sequence.
l.22 \subsection
                {ç’°å¢ƒå¯¦é©—æ–¹æ³•}
The control sequence at the end of the top line
of your error message was never \def'ed. If you have
misspelled it (e.g., `\hobx'), type `I' and the correct
spelling (e.g., `I\hbox'). Otherwise just continue,
and I'll forget about whatever was undefined.


! LaTeX Error: Missing \begin{document}.

See the LaTeX manual or LaTeX Companion for explanation.
Type  H <return>  for immediate help.
 ...                                              
                                                  
l.22 \subsection{ç’°
                    å¢ƒå¯¦é©—æ–¹æ³•}
You're in trouble here.  Try typing  <return>  to proceed.
If that doesn't work, type  X <return>  to quit.

Missing character: There is no ç’° in font nullfont!
Missing character: There is no å¢ƒ in font nullfont!
Missing character: There is no å¯¦ in font nullfont!
Missing character: There is no é©— in font nullfont!
Missing character: There is no æ–¹ in font nullfont!
Missing character: There is no æ³• in font nullfont!
Missing character: There is no å»º in font nullfont!
Missing character: There is no ç«‹ in font nullfont!
Missing character: There is no å¯ in font nullfont!
Missing character: There is no ä»¥ in font nullfont!
Missing character: There is no æ§ in font nullfont!
Missing character: There is no åˆ¶ in font nullfont!
Missing character: There is no çš„ in font nullfont!
Missing character: There is no å¯¦ in font nullfont!
Missing character: There is no é©— in font nullfont!
Missing character: There is no ç’° in font nullfont!
Missing character: There is no å¢ƒ in font nullfont!
Missing character: There is no ä¸» in font nullfont!
Missing character: There is no è¦ in font nullfont!
Missing character: There is no ç›® in font nullfont!
Missing character: There is no çš„ in font nullfont!
Missing character: There is no ç‚º in font nullfont!
Missing character: There is no åœ¨ in font nullfont!
Missing character: There is no å¯ in font nullfont!
Missing character: There is no ä»¥ in font nullfont!
Missing character: There is no æ§ in font nullfont!
Missing character: There is no åˆ¶ in font nullfont!
Missing character: There is no çš„ in font nullfont!
Missing character: There is no ç‰¹ in font nullfont!
Missing character: There is no å¾µ in font nullfont!
Missing character: There is no é» in font nullfont!
Missing character: There is no ç’° in font nullfont!
Missing character: There is no å¢ƒ in font nullfont!
Missing character: There is no ä¸‹ in font nullfont!
Missing character: There is no èˆ‡ in font nullfont!
Missing character: There is no ä¸€ in font nullfont!
Missing character: There is no èˆ¬ in font nullfont!
Missing character: There is no å¹³ in font nullfont!
Missing character: There is no é¢ in font nullfont!
Missing character: There is no å½± in font nullfont!
Missing character: There is no åƒ in font nullfont!
Missing character: There is no å®š in font nullfont!
Missing character: There is no ä½ in font nullfont!
Missing character: There is no åš in font nullfont!
Missing character: There is no æ¯” in font nullfont!
Missing character: There is no è¼ƒ in font nullfont!
Missing character: There is no ï¼Œ in font nullfont!
Missing character: There is no è—‰ in font nullfont!
Missing character: There is no ç”± in font nullfont!
Missing character: There is no å¯¦ in font nullfont!
Missing character: There is no é©— in font nullfont!
Missing character: There is no é©— in font nullfont!
Missing character: There is no è­‰ in font nullfont!
Missing character: There is no å‡º in font nullfont!
Missing character: There is no æœ‰ in font nullfont!
Missing character: There is no æ›´ in font nullfont!
Missing character: There is no å¥½ in font nullfont!
Missing character: There is no çš„ in font nullfont!
Missing character: There is no å®š in font nullfont!
Missing character: There is no ä½ in font nullfont!
Missing character: There is no è¦† in font nullfont!
Missing character: There is no è“‹ in font nullfont!
Missing character: There is no ç‡ in font nullfont!
Missing character: There is no èˆ‡ in font nullfont!
Missing character: There is no æ›´ in font nullfont!
Missing character: There is no å° in font nullfont!
Missing character: There is no çš„ in font nullfont!
Missing character: There is no å¹³ in font nullfont!
Missing character: There is no å‡ in font nullfont!
Missing character: There is no å®š in font nullfont!
Missing character: There is no ä½ in font nullfont!
Missing character: There is no èª¤ in font nullfont!
Missing character: There is no å·® in font nullfont!
Missing character: There is no ã€‚ in font nullfont!
Missing character: There is no åœ¨ in font nullfont!
Missing character: There is no æ ¹ in font nullfont!
Missing character: There is no æ“š in font nullfont!
Missing character: There is no æœ‰ in font nullfont!
Missing character: There is no é™ in font nullfont!
Missing character: There is no æ™¯ in font nullfont!
Missing character: There is no ç‰© in font nullfont!
Missing character: There is no æ•¸ in font nullfont!
Missing character: There is no é‡ in font nullfont!
Missing character: There is no çš„ in font nullfont!
Missing character: There is no ç’° in font nullfont!
Missing character: There is no å¢ƒ in font nullfont!
Missing character: There is no ä¸‹ in font nullfont!
Missing character: There is no ï¼Œ in font nullfont!
Missing character: There is no å°‡ in font nullfont!
Missing character: There is no å¾… in font nullfont!
Missing character: There is no å®š in font nullfont!
Missing character: There is no ä½ in font nullfont!
Missing character: There is no çš„ in font nullfont!
Missing character: There is no ç…§ in font nullfont!
Missing character: There is no ç‰‡ in font nullfont!
Missing character: There is no ä¾ in font nullfont!
Missing character: There is no è· in font nullfont!
Missing character: There is no é›¢ in font nullfont!
Missing character: There is no å¢ in font nullfont!
Missing character: There is no åŠ  in font nullfont!
Missing character: There is no ï¼Œ in font nullfont!
Missing character: There is no ç”Ÿ in font nullfont!
Missing character: There is no æˆ in font nullfont!
Missing character: There is no å‡º in font nullfont!
Missing character: There is no æ ¼ in font nullfont!
Missing character: There is no ç‹€ in font nullfont!
Missing character: There is no çš„ in font nullfont!
Missing character: There is no ä½ in font nullfont!
Missing character: There is no ç½® in font nullfont!
Missing character: There is no çš„ in font nullfont!
Missing character: There is no ç…§ in font nullfont!
Missing character: There is no ç‰‡ in font nullfont!
Missing character: There is no å®š in font nullfont!
Missing character: There is no ä½ in font nullfont!
Missing character: There is no é» in font nullfont!
Missing character: There is no ï¼Œ in font nullfont!
Missing character: There is no æ¯ in font nullfont!
Missing character: There is no å€‹ in font nullfont!
Missing character: There is no å®š in font nullfont!
Missing character: There is no ä½ in font nullfont!
Missing character: There is no é» in font nullfont!
Missing character: There is no å‰ in font nullfont!
Missing character: There is no å¾Œ in font nullfont!
Missing character: There is no éƒ½ in font nullfont!
Missing character: There is no æœ‰ in font nullfont!
Missing character: There is no å›º in font nullfont!
Missing character: There is no å®š in font nullfont!
Missing character: There is no çš„ in font nullfont!
Missing character: There is no é–“ in font nullfont!
Missing character: There is no è· in font nullfont!
Missing character: There is no è· in font nullfont!
Missing character: There is no é›¢ in font nullfont!
Missing character: There is no ï¼Œ in font nullfont!
Missing character: There is no åˆ© in font nullfont!
Missing character: There is no ç”¨ in font nullfont!
Missing character: There is no é€™ in font nullfont!
Missing character: There is no äº› in font nullfont!
Missing character: There is no å¾… in font nullfont!
Missing character: There is no å®š in font nullfont!
Missing character: There is no ä½ in font nullfont!
Missing character: There is no ç…§ in font nullfont!
Missing character: There is no ç‰‡ in font nullfont!
Missing character: There is no ï¼Œ in font nullfont!
Missing character: There is no åˆ† in font nullfont!
Missing character: There is no åˆ¥ in font nullfont!
Missing character: There is no ç”¨ in font nullfont!
Missing character: There is no ä¸‰ in font nullfont!
Missing character: There is no ç¨® in font nullfont!
Missing character: There is no æ–¹ in font nullfont!
Missing character: There is no æ³• in font nullfont!
Missing character: There is no æ¯” in font nullfont!
Missing character: There is no è¼ƒ in font nullfont!
Missing character: There is no å¯¦ in font nullfont!
Missing character: There is no é©— in font nullfont!
Missing character: There is no çµ in font nullfont!
Missing character: There is no æœ in font nullfont!
Missing character: There is no ã€‚ in font nullfont!

Overfull \hbox (20.0pt too wide) in paragraph at lines 22--26
[]
 []


! LaTeX Error: Missing \begin{document}.

See the LaTeX manual or LaTeX Companion for explanation.
Type  H <return>  for immediate help.
 ...                                              
                                                  
l.27 ^^Iä¸€
           é–‹å§‹å»ºç½®å¯¦é©—ç’°å¢ƒï¼Œæˆ‘å€‘å°‡é€™äº›å®šä½ç…§ç‰‡åˆ†å¸ƒåœ¨ 4...

You're in trouble here.  Try typing  <return>  to proceed.
If that doesn't work, type  X <return>  to quit.

Missing character: There is no ä¸€ in font nullfont!
Missing character: There is no é–‹ in font nullfont!
Missing character: There is no å§‹ in font nullfont!
Missing character: There is no å»º in font nullfont!
Missing character: There is no ç½® in font nullfont!
Missing character: There is no å¯¦ in font nullfont!
Missing character: There is no é©— in font nullfont!
Missing character: There is no ç’° in font nullfont!
Missing character: There is no å¢ƒ in font nullfont!
Missing character: There is no ï¼Œ in font nullfont!
Missing character: There is no æˆ‘ in font nullfont!
Missing character: There is no å€‘ in font nullfont!
Missing character: There is no å°‡ in font nullfont!
Missing character: There is no é€™ in font nullfont!
Missing character: There is no äº› in font nullfont!
Missing character: There is no å®š in font nullfont!
Missing character: There is no ä½ in font nullfont!
Missing character: There is no ç…§ in font nullfont!
Missing character: There is no ç‰‡ in font nullfont!
Missing character: There is no åˆ† in font nullfont!
Missing character: There is no å¸ƒ in font nullfont!
Missing character: There is no åœ¨ in font nullfont!
Missing character: There is no 4 in font nullfont!
Missing character: There is no å…¬ in font nullfont!
Missing character: There is no å°º in font nullfont!
Missing character: There is no X in font nullfont!
Missing character: There is no 5 in font nullfont!
Missing character: There is no å…¬ in font nullfont!
Missing character: There is no å°º in font nullfont!
Missing character: There is no çš„ in font nullfont!
Missing character: There is no ç’° in font nullfont!
Missing character: There is no å¢ƒ in font nullfont!
Missing character: There is no å¤§ in font nullfont!
Missing character: There is no å° in font nullfont!
Missing character: There is no å…§ in font nullfont!
Missing character: There is no ï¼Œ in font nullfont!
Missing character: There is no è€Œ in font nullfont!
Missing character: There is no æ™¯ in font nullfont!
Missing character: There is no ç‰© in font nullfont!
Missing character: There is no çš„ in font nullfont!
Missing character: There is no åˆ† in font nullfont!
Missing character: There is no å¸ƒ in font nullfont!
Missing character: There is no åœ¨ in font nullfont!
Missing character: There is no 1 in font nullfont!
Missing character: There is no . in font nullfont!
Missing character: There is no 5 in font nullfont!
Missing character: There is no å…¬ in font nullfont!
Missing character: There is no å°º in font nullfont!
Missing character: There is no X in font nullfont!
Missing character: There is no 0 in font nullfont!
Missing character: There is no . in font nullfont!
Missing character: There is no 7 in font nullfont!
Missing character: There is no å…¬ in font nullfont!
Missing character: There is no å°º in font nullfont!
Missing character: There is no çš„ in font nullfont!
Missing character: There is no å¤§ in font nullfont!
Missing character: There is no å° in font nullfont!
Missing character: There is no ç¯„ in font nullfont!
Missing character: There is no åœ in font nullfont!
Missing character: There is no å…§ in font nullfont!
Missing character: There is no ï¼Œ in font nullfont!
Missing character: There is no K in font nullfont!
Missing character: There is no i in font nullfont!
Missing character: There is no n in font nullfont!
Missing character: There is no e in font nullfont!
Missing character: There is no c in font nullfont!
Missing character: There is no t in font nullfont!
Missing character: There is no æ” in font nullfont!
Missing character: There is no å½± in font nullfont!
Missing character: There is no æ©Ÿ in font nullfont!
Missing character: There is no æ”¾ in font nullfont!
Missing character: There is no ç½® in font nullfont!
Missing character: There is no åœ¨ in font nullfont!
Missing character: There is no è· in font nullfont!
Missing character: There is no é›¢ in font nullfont!
Missing character: There is no æ™¯ in font nullfont!
Missing character: There is no ç‰© in font nullfont!
Missing character: There is no 0 in font nullfont!
Missing character: There is no . in font nullfont!
Missing character: There is no 5 in font nullfont!
Missing character: There is no å…¬ in font nullfont!
Missing character: There is no å°º in font nullfont!
Missing character: There is no å‰ in font nullfont!
Missing character: There is no çš„ in font nullfont!
Missing character: There is no åœ° in font nullfont!
Missing character: There is no æ–¹ in font nullfont!
Missing character: There is no ï¼Œ in font nullfont!
Missing character: There is no åˆ© in font nullfont!
Missing character: There is no ç”¨ in font nullfont!
Missing character: There is no K in font nullfont!
Missing character: There is no i in font nullfont!
Missing character: There is no n in font nullfont!
Missing character: There is no e in font nullfont!
Missing character: There is no c in font nullfont!
Missing character: There is no t in font nullfont!
Missing character: There is no æ” in font nullfont!
Missing character: There is no å½± in font nullfont!
Missing character: There is no æ©Ÿ in font nullfont!
Missing character: There is no æ‹ in font nullfont!
Missing character: There is no ç…§ in font nullfont!
Missing character: There is no å– in font nullfont!
Missing character: There is no å¾— in font nullfont!
Missing character: There is no æ·± in font nullfont!
Missing character: There is no åº¦ in font nullfont!
Missing character: There is no ç…§ in font nullfont!
Missing character: There is no ç‰‡ in font nullfont!
Missing character: There is no èˆ‡ in font nullfont!
Missing character: There is no å¾… in font nullfont!
Missing character: There is no å®š in font nullfont!
Missing character: There is no ä½ in font nullfont!
Missing character: There is no çš„ in font nullfont!
Missing character: There is no ç…§ in font nullfont!
Missing character: There is no ç‰‡ in font nullfont!
Missing character: There is no ã€‚ in font nullfont!
Missing character: There is no å¦‚ in font nullfont!
Missing character: There is no åœ– in font nullfont!
! Undefined control sequence.
<write> ...rolled EV parameters' on page \thepage 
                                                  \space undefined\on@line .^^J
l.29 EV parameters}
                   æ‰€ç¤ºï¼Œåœ¨å…©å€‹æ§åˆ¶ç’°å¢ƒçš„å¯¦é©—ä¸­ï¼Œåˆ©ç”¨ä¸åŒ...
The control sequence at the end of the top line
of your error message was never \def'ed. If you have
misspelled it (e.g., `\hobx'), type `I' and the correct
spelling (e.g., `I\hbox'). Otherwise just continue,
and I'll forget about whatever was undefined.


LaTeX Warning: Reference `table:Controlled EV parameters' on page  undefined on
 input line 29.

Missing character: There is no æ‰€ in font nullfont!
Missing character: There is no ç¤º in font nullfont!
Missing character: There is no ï¼Œ in font nullfont!
Missing character: There is no åœ¨ in font nullfont!
Missing character: There is no å…© in font nullfont!
Missing character: There is no å€‹ in font nullfont!
Missing character: There is no æ§ in font nullfont!
Missing character: There is no åˆ¶ in font nullfont!
Missing character: There is no ç’° in font nullfont!
Missing character: There is no å¢ƒ in font nullfont!
Missing character: There is no çš„ in font nullfont!
Missing character: There is no å¯¦ in font nullfont!
Missing character: There is no é©— in font nullfont!
Missing character: There is no ä¸­ in font nullfont!
Missing character: There is no ï¼Œ in font nullfont!
Missing character: There is no åˆ© in font nullfont!
Missing character: There is no ç”¨ in font nullfont!
Missing character: There is no ä¸ in font nullfont!
Missing character: There is no åŒ in font nullfont!
Missing character: There is no çš„ in font nullfont!
Missing character: There is no å®š in font nullfont!
Missing character: There is no ä½ in font nullfont!
Missing character: There is no ç’° in font nullfont!
Missing character: There is no å¢ƒ in font nullfont!
Missing character: There is no ã€ in font nullfont!
Missing character: There is no ä¸ in font nullfont!
Missing character: There is no åŒ in font nullfont!
Missing character: There is no çš„ in font nullfont!
Missing character: There is no é–“ in font nullfont!
Missing character: There is no è· in font nullfont!
Missing character: There is no ä»¥ in font nullfont!
Missing character: There is no åŠ in font nullfont!
Missing character: There is no ä¸ in font nullfont!
Missing character: There is no åŒ in font nullfont!
Missing character: There is no å¾… in font nullfont!
Missing character: There is no å®š in font nullfont!
Missing character: There is no ä½ in font nullfont!
Missing character: There is no åœ– in font nullfont!
Missing character: There is no ç‰‡ in font nullfont!
Missing character: There is no çš„ in font nullfont!
Missing character: There is no æ•¸ in font nullfont!
Missing character: There is no é‡ in font nullfont!
Missing character: There is no ä¾† in font nullfont!
Missing character: There is no åš in font nullfont!
Missing character: There is no å¯¦ in font nullfont!
Missing character: There is no é©— in font nullfont!
Missing character: There is no æ¯” in font nullfont!
Missing character: There is no è¼ƒ in font nullfont!
Missing character: There is no ã€‚ in font nullfont!

Overfull \hbox (20.0pt too wide) in paragraph at lines 27--30
[]
 []


Overfull \hbox (10.86105pt too wide) in paragraph at lines 27--30
[] 
 []


! LaTeX Error: File `tables/ControlledEVParameters.tex' not found.

Type X to quit or <RETURN> to proceed,
or enter new name. (Default extension: tex)

Enter file name: 
! Emergency stop.
<read *> 
         
l.34 \input{tables/ControlledEVParameters.tex}
                                              ^^M
*** (cannot \read from terminal in nonstop modes)

 
Here is how much of TeX's memory you used:
 11 strings out of 429035
 192 string characters out of 3167909
 47509 words of memory out of 3000000
 3358 multiletter control sequences out of 15000+200000
 3948 words of font info for 15 fonts, out of 3000000 for 9000
 912 hyphenation exceptions out of 8191
 19i,2n,19p,113b,89s stack positions out of 5000i,500n,10000p,200000b,50000s
No pages of output.
